<?xml version="1.0" encoding="UTF-8"?>
<testsuite name="Ex_06.CarroTest" tests="3" skipped="0" failures="0" errors="0" timestamp="2024-01-08T15:08:23" hostname="PRTCPU915W10AIO" time="0.007">
  <properties/>
  <testcase name="ligar()" classname="Ex_06.CarroTest" time="0.002"/>
  <testcase name="calcularConsumo()" classname="Ex_06.CarroTest" time="0.004"/>
  <testcase name="corrida()" classname="Ex_06.CarroTest" time="0.0"/>
  <system-out><![CDATA[Consumo: 144.0 litros
Consumo: 200.0 litros
Consumo: 58.5 litros
]]></system-out>
  <system-err><![CDATA[]]></system-err>
</testsuite>
