<?xml version="1.0" encoding="UTF-8"?>
<testsuite name="Ex_01.CalculatorTest" tests="5" skipped="0" failures="0" errors="0" timestamp="2024-01-08T15:08:23" hostname="PRTCPU915W10AIO" time="0.036">
  <properties/>
  <testcase name="testDivideByZero()" classname="Ex_01.CalculatorTest" time="0.028"/>
  <testcase name="testAdd()" classname="Ex_01.CalculatorTest" time="0.002"/>
  <testcase name="testSubtract()" classname="Ex_01.CalculatorTest" time="0.001"/>
  <testcase name="testDivide()" classname="Ex_01.CalculatorTest" time="0.001"/>
  <testcase name="testMultiply()" classname="Ex_01.CalculatorTest" time="0.0"/>
  <system-out><![CDATA[]]></system-out>
  <system-err><![CDATA[]]></system-err>
</testsuite>
