<?xml version="1.0" encoding="UTF-8"?>
<testsuite name="Ex_05.FuncionarioTest" tests="3" skipped="0" failures="0" errors="0" timestamp="2024-01-08T15:08:23" hostname="PRTCPU915W10AIO" time="0.003">
  <properties/>
  <testcase name="getDepartamentoTest()" classname="Ex_05.FuncionarioTest" time="0.0"/>
  <testcase name="getNomeTest()" classname="Ex_05.FuncionarioTest" time="0.0"/>
  <testcase name="aumentarSalarioTest()" classname="Ex_05.FuncionarioTest" time="0.0"/>
  <system-out><![CDATA[]]></system-out>
  <system-err><![CDATA[]]></system-err>
</testsuite>
